{ts '2011-09-18 23:32:57'}{ts '2011-09-18 23:32:57'}|www.toysforshots.com/thankyou/admin/sqlpatch.php/password_forgotten.php
{ts '2011-09-18 23:32:57'}|www.toysforshots.com/thankyou/admin/sqlpatch.php/password_forgotten.php
{ts '2011-09-20 15:53:52'}|www.toysforshots.com/rsvp
{ts '2011-09-21 11:46:11'}|www.toysforshots.com
{ts '2011-09-22 07:22:48'}|www.toysforshots.com/contact
{ts '2011-09-26 20:48:42'}|www.toysforshots.com/gallery/view/collection/tfs2010
{ts '2011-10-14 10:59:00'}|www.toysforshots.com
{ts '2011-10-27 07:44:56'}|www.toysforshots.com/contact
{ts '2011-10-27 09:07:30'}|www.toysforshots.com/gallery/view/collection/tfs2008
{ts '2011-11-01 15:56:50'}|www.toysforshots.com/rsvp
{ts '2011-11-10 10:16:29'}|www.toysforshots.com
{ts '2011-11-10 10:17:57'}|www.toysforshots.com/contact
{ts '2011-11-17 07:23:19'}|www.toysforshots.com
{ts '2011-11-18 08:48:11'}|www.toysforshots.com
{ts '2011-11-18 09:02:57'}|www.toysforshots.com
{ts '2011-11-18 09:05:30'}|www.toysforshots.com
{ts '2011-11-21 19:58:34'}|www.toysforshots.com
{ts '2011-11-21 20:08:13'}|www.toysforshots.com
{ts '2011-11-22 10:13:44'}|www.toysforshots.com/gallery/view/collection/tfs2010
{ts '2011-11-22 10:32:21'}|www.toysforshots.com/gallery/view/collection/tfs2008
{ts '2011-11-22 15:07:51'}|www.toysforshots.com/contact
{ts '2011-11-23 07:39:35'}|www.toysforshots.com/gallery/view/collection/postcard-flyer-2010
{ts '2011-11-24 20:15:06'}|www.toysforshots.com
{ts '2011-11-28 09:15:59'}|www.toysforshots.com/rsvp
{ts '2011-12-02 09:06:27'}|www.toysforshots.com/contact
{ts '2011-12-02 17:37:17'}|www.toysforshots.com
{ts '2011-12-05 10:14:34'}|www.toysforshots.com/about
{ts '2011-12-05 10:18:16'}|www.toysforshots.com/gallery/view/collection/tfs2009
{ts '2011-12-05 10:29:27'}|toysforshots.com
{ts '2011-12-05 12:49:53'}|www.toysforshots.com/contact
{ts '2011-12-08 12:31:02'}|www.toysforshots.com
{ts '2011-12-08 13:45:59'}|www.toysforshots.com
{ts '2011-12-08 16:06:07'}|www.toysforshots.com/gallery/view/collection/tfs2008
{ts '2011-12-09 10:32:03'}|www.toysforshots.com
{ts '2011-12-09 16:08:30'}|www.toysforshots.com
{ts '2011-12-10 19:04:05'}|www.toysforshots.com
{ts '2011-12-15 12:58:47'}|www.toysforshots.com
{ts '2011-12-20 09:09:37'}|www.toysforshots.com
{ts '2011-12-20 11:30:52'}|toysforshots.com
{ts '2011-12-27 10:45:34'}|www.toysforshots.com
{ts '2011-12-27 12:02:12'}|www.toysforshots.com
{ts '2011-12-29 07:07:08'}|toysforshots.com/gallery/view/collection/tfs2011
{ts '2012-01-04 13:14:41'}|toysforshots.com
{ts '2012-01-08 12:17:57'}|toysforshots.com
{ts '2012-01-11 04:22:07'}|toysforshots.com
{ts '2012-01-12 11:46:41'}|toysforshots.com
{ts '2012-01-12 12:24:13'}|www.toysforshots.com
{ts '2012-01-12 12:24:27'}|www.toysforshots.com/gallery/list
{ts '2012-01-12 12:24:42'}|www.toysforshots.com/gallery/view/collection/tfs2011
{ts '2012-01-20 01:31:03'}|www.toysforshots.com
{ts '2012-01-20 01:32:24'}|www.toysforshots.com
{ts '2012-01-20 01:32:24'}|www.toysforshots.com
{ts '2012-01-20 01:32:26'}|www.toysforshots.com
{ts '2012-01-20 01:32:26'}|www.toysforshots.com
{ts '2012-01-20 01:32:26'}|www.toysforshots.com
{ts '2012-01-25 11:20:26'}|toysforshots.com
{ts '2012-01-28 07:47:30'}|toysforshots.com/contact
{ts '2012-01-30 08:52:15'}|www.toysforshots.com
{ts '2012-03-12 10:34:58'}|www.toysforshots.com
{ts '2012-03-12 20:13:50'}|toysforshots.com/about
{ts '2012-03-12 21:33:28'}|toysforshots.com
{ts '2012-03-14 08:19:39'}|toysforshots.com
{ts '2012-03-16 02:12:30'}|toysforshots.com
{ts '2012-03-29 13:42:37'}|toysforshots.com
{ts '2012-03-30 12:39:46'}|toysforshots.com
{ts '2012-04-13 01:51:09'}|www.toysforshots.com
{ts '2012-04-28 08:42:25'}|toysforshots.com
{ts '2012-04-29 18:18:42'}|toysforshots.com
{ts '2012-04-29 20:10:32'}|toysforshots.com/about
{ts '2012-04-30 22:34:27'}|toysforshots.com
{ts '2012-06-09 17:48:19'}|toysforshots.com
{ts '2012-06-10 19:14:55'}|toysforshots.com
{ts '2012-06-13 23:36:37'}|www.toysforshots.com
{ts '2012-06-17 20:39:15'}|www.toysforshots.com
{ts '2012-06-20 20:38:27'}|www.toysforshots.com/rsvp
{ts '2012-06-25 21:25:20'}|www.toysforshots.com
{ts '2012-07-03 05:22:33'}|toysforshots.com
{ts '2012-07-03 05:22:38'}|www.toysforshots.com/error
{ts '2012-07-15 15:47:54'}|www.toysforshots.com/gallery/view/collection/tfs2008
{ts '2012-07-16 22:15:02'}|toysforshots.com
{ts '2012-09-17 07:54:44'}|www.toysforshots.com/contact/index
{ts '2012-09-22 08:38:04'}|www.toysforshots.com
{ts '2012-10-04 09:12:55'}|toysforshots.com
{ts '2012-10-05 22:54:43'}|toysforshots.com/about
{ts '2012-10-05 23:00:12'}|toysforshots.com
{ts '2012-10-15 23:19:11'}|www.toysforshots.com/gallery/list
{ts '2012-10-15 23:19:11'}|www.toysforshots.com/gallery/list
{ts '2012-10-15 23:19:38'}|www.toysforshots.com/gallery/view/collection/tfs2011
{ts '2012-10-16 23:40:48'}|www.toysforshots.com/gallery/view/collection/tfs2011
{ts '2012-10-18 08:44:00'}|www.toysforshots.com
{ts '2012-10-25 18:04:37'}|www.toysforshots.com
{ts '2012-10-25 18:04:37'}|www.toysforshots.com
{ts '2012-10-25 21:33:32'}|www.toysforshots.com
{ts '2012-11-06 18:50:39'}|toysforshots.com
{ts '2012-11-08 00:07:26'}|toysforshots.com
{ts '2012-11-09 01:37:51'}|www.toysforshots.com
{ts '2012-11-09 01:37:51'}|www.toysforshots.com
{ts '2012-11-09 02:25:49'}|www.toysforshots.com
{ts '2012-11-09 03:19:17'}|www.toysforshots.com
{ts '2012-11-09 06:13:53'}|www.toysforshots.com
{ts '2012-11-09 07:10:51'}|www.toysforshots.com/rsvp
{ts '2012-11-09 10:09:22'}|www.toysforshots.com
{ts '2012-11-09 10:09:31'}|www.toysforshots.com
{ts '2012-11-09 16:49:47'}|www.toysforshots.com
{ts '2012-11-09 17:20:49'}|www.toysforshots.com
{ts '2012-11-14 03:14:39'}|toysforshots.com/rsvp
{ts '2012-11-14 03:32:57'}|toysforshots.com/rsvp
{ts '2012-11-16 01:54:59'}|www.toysforshots.com
{ts '2012-11-16 01:54:59'}|www.toysforshots.com
{ts '2012-11-16 01:54:59'}|www.toysforshots.com
{ts '2012-11-16 04:30:19'}|toysforshots.com/rsvp
{ts '2012-11-16 21:18:51'}|toysforshots.com
{ts '2012-11-19 03:22:43'}|toysforshots.com/rsvp
{ts '2012-11-19 03:22:44'}|toysforshots.com/rsvp
{ts '2012-11-24 18:45:08'}|www.toysforshots.com
{ts '2012-11-27 03:56:26'}|www.toysforshots.com
{ts '2012-11-27 22:05:10'}|www.toysforshots.com/rsvp
{ts '2012-11-28 21:37:42'}|toysforshots.com/gallery/view/collection/tfs2011
{ts '2012-12-01 07:20:01'}|toysforshots.com
{ts '2012-12-03 19:23:50'}|www.toysforshots.com/contact
{ts '2012-12-04 09:02:59'}|www.toysforshots.com/rsvp
{ts '2012-12-04 09:38:33'}|www.toysforshots.com/rsvp
{ts '2012-12-05 08:16:02'}|www.toysforshots.com/rsvp
{ts '2012-12-05 08:31:45'}|www.toysforshots.com
{ts '2012-12-05 08:31:45'}|www.toysforshots.com
{ts '2012-12-05 09:17:40'}|www.toysforshots.com/gallery/view/collection/tfs2011
{ts '2012-12-05 18:47:04'}|www.toysforshots.com
{ts '2012-12-05 21:09:48'}|www.toysforshots.com
{ts '2012-12-06 00:57:44'}|toysforshots.com
{ts '2012-12-06 08:43:52'}|www.toysforshots.com/gallery/view/collection/tfs2011
{ts '2012-12-06 19:45:59'}|toysforshots.com
{ts '2012-12-07 01:25:43'}|www.toysforshots.com/rsvp
{ts '2012-12-21 06:25:58'}|toysforshots.com/rsvp
{ts '2013-01-01 11:07:26'}|toysforshots.com
{ts '2013-01-04 09:18:48'}|www.toysforshots.com
{ts '2013-01-16 10:19:17'}|www.toysforshots.com
{ts '2013-02-26 05:55:54'}|www.toysforshots.com/contact
{ts '2013-03-23 22:18:54'}|toysforshots.com
{ts '2013-04-01 13:58:55'}|www.toysforshots.com
{ts '2013-05-10 04:30:50'}|toysforshots.com/contact
{ts '2013-05-10 04:30:58'}|www.toysforshots.com/gallery/view/collection/postcard-flyer-2011
{ts '2013-05-17 02:26:48'}|www.toysforshots.com
{ts '2013-05-18 11:05:35'}|toysforshots.com
{ts '2013-05-21 08:26:36'}|www.toysforshots.com
{ts '2013-05-21 19:36:00'}|toysforshots.com
{ts '2013-05-29 22:29:27'}|www.toysforshots.com/gallery/view/collection/postcard-flyer-2011
{ts '2013-06-13 03:43:16'}|www.toysforshots.com/gallery/view/collection/tfs2011
{ts '2013-06-13 17:06:46'}|www.toysforshots.com
{ts '2013-07-06 16:25:16'}|www.toysforshots.com/contact
{ts '2013-07-12 15:59:21'}|TOYSFORSHOTS.COM/FCKeditor/editor/filemanager/connectors/uploadtest.html
{ts '2013-07-16 21:21:27'}|toysforshots.com/gallery/view/collection/postcard-flyer-2009
{ts '2013-07-20 11:37:53'}|www.toysforshots.com
{ts '2013-08-13 12:18:54'}|www.toysforshots.com
{ts '2013-08-13 12:18:54'}|www.toysforshots.com
{ts '2013-08-24 20:23:41'}|www.toysforshots.com
{ts '2013-09-17 21:57:05'}|www.toysforshots.com
{ts '2013-09-17 23:04:38'}|www.toysforshots.com
